<html>
<body>
<pre>
<h1>µVision Build Log</h1>
<h2>Tool Versions:</h2>
IDE-Version: µVision V5.26.2.0
Copyright (C) 2018 ARM Ltd and ARM Germany GmbH. All rights reserved.
License Information: Genival Ferreira, Assisfit, LIC=MPPBS-LJNM5-G72R6-DIBZI-4HUE3-PH8MV
 
Tool Versions:
Toolchain:       MDK-ARM Plus  Version: 5.26.2.0
Toolchain Path:  C:\Keil_v5\ARM\ARMCC\Bin
C Compiler:      Armcc.exe V5.06 update 6 (build 750)
Assembler:       Armasm.exe V5.06 update 6 (build 750)
Linker/Locator:  ArmLink.exe V5.06 update 6 (build 750)
Library Manager: ArmAr.exe V5.06 update 6 (build 750)
Hex Converter:   FromElf.exe V5.06 update 6 (build 750)
CPU DLL:         
Dialog DLL:      
Target DLL:      Segger\JL2CM3.dll V2.99.31.0
Dialog DLL:      TCM.DLL V1.36.1.0
 
<h2>Project:</h2>
D:\MyWATT_novo\Aplication\MDK-ARM\MyBeat_V3.uvprojx
Project File Date:  07/28/2021

<h2>Output:</h2>
*** Using Compiler 'V5.06 update 6 (build 750)', folder: 'C:\Keil_v5\ARM\ARMCC\Bin'
Build target 'nrf52832_xxaa'
compiling calib_serv.c...
calib_serv.c(893): error:  #20: identifier "BLE_L2CAP_MTU_DEF" is undefined
  		uint8_t					encoded_adc[MAX_ADCM_LEN];
calib_serv.c(713): warning:  #177-D: function "adc_raw_char_add"  was declared but never referenced
  static uint32_t adc_raw_char_add(calib_serv_t * p_rcs, const calib_serv_init_t * p_rcs_init)
calib_serv.c: 1 warning, 1 error
compiling main.c...
..\Inc\biblioteca_phillips.h(8): warning:  #1-D: last line of file ends without a newline
  void reboot_biblioteca_phillips(void);
..\MDK-ARM\heritage.h(241): warning:  #1295-D: Deprecated declaration init_vars - give arg types
  void init_vars();//prototype
..\MDK-ARM\heritage.h(242): warning:  #1295-D: Deprecated declaration init_varc - give arg types
  void init_varc();//prototype
..\MDK-ARM\heritage.h(251): warning:  #1295-D: Deprecated declaration ADS018_Time_Update - give arg types
  void ADS018_Time_Update();//prototype
..\MDK-ARM\heritage.h(254): warning:  #1295-D: Deprecated declaration ADS018_Update_Factors - give arg types
  void ADS018_Update_Factors();//prototype
..\MDK-ARM\heritage.h(939): warning:  #1-D: last line of file ends without a newline
  	
..\MDK-ARM\trigonometry.h(27): warning:  #1-D: last line of file ends without a newline
  }
..\Src\main.c(1881): error:  #20: identifier "bike_id_write_handler" is undefined
      calib_serv_init.bike_id_write_handler   =   bike_id_write_handler;
..\Src\main.c(1882): error:  #20: identifier "zero_write_handler" is undefined
      calib_serv_init.zero_write_handler  =   zero_write_handler;
..\Src\main.c(1883): error:  #20: identifier "ten_write_handler" is undefined
      calib_serv_init.ten_write_handler       =   ten_write_handler;
..\Src\main.c(1884): error:  #20: identifier "p_load_write_handler" is undefined
      calib_serv_init.p_load_write_handler    =   p_load_write_handler;
..\Src\main.c(1885): error:  #20: identifier "n_load_write_handler" is undefined
      calib_serv_init.n_load_write_handler    =   n_load_write_handler;
..\Src\main.c(1886): error:  #20: identifier "serial_number_write_handler_2" is undefined
      calib_serv_init.serial_number_write_handler= serial_number_write_handler_2;
..\Src\main.c(1887): error:  #20: identifier "mode_write_handler" is undefined
      calib_serv_init.mode_write_handler          = mode_write_handler;
..\Src\main.c(1888): error:  #20: identifier "mean_interval_write_handler" is undefined
      calib_serv_init.mean_interval_write_handler= mean_interval_write_handler;
..\Src\main.c(2690): warning:  #144-D: a value of type "void (*)(ble_evt_t *, void *)" cannot be used to initialize an entity of type "nrf_sdh_ble_evt_handler_t"
      NRF_SDH_BLE_OBSERVER(m_ble_observer, APP_BLE_OBSERVER_PRIO, ble_evt_handler, NULL);
..\Src\main.c(2731): warning:  #111-D: statement is unreachable
              nrf_drv_wdt_channel_feed(m_channel_id);
..\Src\main.c(2838): warning:  #550-D: variable "srdata"  was set but never used
  	  ble_advdata_t srdata;
..\Src\main.c(3223): warning:  #223-D: function "mwatt_flash_init" declared implicitly
  	 mwatt_flash_init();
..\Src\main.c(3227): warning:  #223-D: function "mwatt_read_anything" declared implicitly
  	 mwatt_read_anything(0x56007);
..\Src\main.c(3175): warning:  #177-D: variable "cscs_measurement"  was declared but never referenced
  	  ble_cscs_meas_t cscs_measurement;
..\Src\main.c(3255): warning:  #177-D: variable "tempo"  was declared but never referenced
  		uint8_t tempo=0;
..\Src\main.c(3256): warning:  #177-D: variable "amostrasPPG"  was declared but never referenced
  		dadosBbPPG	amostrasPPG;
..\Src\main.c(3257): warning:  #177-D: variable "amostrasACC"  was declared but never referenced
  		dadosBbACC	amostrasACC;
..\Src\main.c(3258): warning:  #177-D: variable "indiceAmostraPPG"  was declared but never referenced
      uint8_t indiceAmostraPPG=0;
..\Src\main.c(3259): warning:  #177-D: variable "indiceAmostraACC"  was declared but never referenced
  		uint8_t indiceAmostraACC=0;
..\Src\main.c(3413): warning:  #1-D: last line of file ends without a newline
  //ADS018_res_data.rotation (saída do Set_Mean).
..\Src\main.c(222): warning:  #177-D: variable "glob_cumulative_crank_revs"  was declared but never referenced
  static uint16_t   glob_cumulative_crank_revs = 0;
..\Src\main.c(223): warning:  #177-D: variable "glob_event_time"  was declared but never referenced
  static uint16_t   glob_event_time            = 0;
..\Src\main.c(225): warning:  #177-D: variable "glob_wheel_revolution_mm_F"  was declared but never referenced
  static uint16_t   glob_wheel_revolution_mm_F = 0;//filtered variable to be the output of filter fnction 
..\Src\main.c(226): warning:  #177-D: variable "glob_crank_rev_degrees"  was declared but never referenced
  static uint16_t   glob_crank_rev_degrees     = 0;
..\Src\main.c(388): warning:  #550-D: variable "get_raw_data"  was set but never used
  static axis3bit16_t get_raw_data;//will be used as global to get the value in the fuction get_value
..\Src\main.c(420): warning:  #177-D: variable "m_rsc_meas_timer_id"  was declared but never referenced
  APP_TIMER_DEF(m_rsc_meas_timer_id);                                             /**< RSC measurement timer. */
..\Src\main.c(963): warning:  #177-D: function "heart_rate_meas_timeout_handler"  was declared but never referenced
  static void heart_rate_meas_timeout_handler(void * p_context)
..\Src\main.c(1165): warning:  #177-D: function "user_id_write_handler"  was declared but never referenced
  static void user_id_write_handler(ble_rus_t *p_rus, uint32_t new_state){
..\Src\main.c(1187): warning:  #177-D: function "hr_zone_preference_calc_write_handler"  was declared but never referenced
  static void hr_zone_preference_calc_write_handler(ble_rus_t *p_rus, uint32_t new_state){
..\Src\main.c(1207): warning:  #177-D: function "serial_number_write_handler"  was declared but never referenced
  static void serial_number_write_handler(ble_rus_t *p_rus, char * new_state){
..\Src\main.c(1216): warning:  #177-D: function "first_name_write_handler"  was declared but never referenced
  static void first_name_write_handler(ble_uds_t *p_uds, uint64_t new_state){
..\Src\main.c(1229): warning:  #177-D: function "last_name_write_handler"  was declared but never referenced
  static void last_name_write_handler(ble_uds_t *p_uds, uint32_t new_state){
..\Src\main.c(1243): warning:  #177-D: function "email_address_write_handler"  was declared but never referenced
  static void email_address_write_handler(ble_uds_t *p_uds, uint32_t new_state){
..\Src\main.c(1256): warning:  #177-D: function "age_write_handler"  was declared but never referenced
  static void age_write_handler(ble_uds_t *p_uds, uint32_t new_state){
..\Src\main.c(1269): warning:  #177-D: function "date_of_birth_write_handler"  was declared but never referenced
  static void date_of_birth_write_handler(ble_uds_t *p_uds, uint32_t new_state){
..\Src\main.c(1282): warning:  #177-D: function "gender_write_handler"  was declared but never referenced
  static void gender_write_handler(ble_uds_t *p_uds, uint32_t new_state){
..\Src\main.c(1295): warning:  #177-D: function "weight_write_handler"  was declared but never referenced
  static void weight_write_handler(ble_uds_t *p_uds, uint32_t new_state){
..\Src\main.c(1307): warning:  #177-D: function "height_write_handler"  was declared but never referenced
  static void height_write_handler(ble_uds_t *p_uds, uint32_t new_state){
..\Src\main.c(1319): warning:  #177-D: function "VO2_max_write_handler"  was declared but never referenced
  static void VO2_max_write_handler(ble_uds_t *p_uds, uint32_t new_state){
..\Src\main.c(1331): warning:  #177-D: function "heart_rate_max_write_handler"  was declared but never referenced
  static void heart_rate_max_write_handler(ble_uds_t *p_uds, uint32_t new_state){
..\Src\main.c(1343): warning:  #177-D: function "resting_heart_rate_write_handler"  was declared but never referenced
  static void resting_heart_rate_write_handler(ble_uds_t *p_uds, uint32_t new_state){
..\Src\main.c(1355): warning:  #177-D: function "maximum_recommended_heart_rate_write_handler"  was declared but never referenced
  static void maximum_recommended_heart_rate_write_handler(ble_uds_t *p_uds, uint32_t new_state){
..\Src\main.c(1401): warning:  #177-D: function "aerobic_threshold_write_handler"  was declared but never referenced
  static void aerobic_threshold_write_handler(ble_uds_t *p_uds, uint32_t new_state){
..\Src\main.c(1413): warning:  #177-D: function "anaerobic_threshold_write_handler"  was declared but never referenced
  static void anaerobic_threshold_write_handler(ble_uds_t *p_uds, uint32_t new_state){
..\Src\main.c(1425): warning:  #177-D: function "sport_type_for_aerobic_and_anaerobic_thresholds_write_handler"  was declared but never referenced
  static void sport_type_for_aerobic_and_anaerobic_thresholds_write_handler(ble_uds_t *p_uds, uint32_t new_state){
..\Src\main.c(1441): warning:  #177-D: function "date_of_threshold_assessment_write_handler"  was declared but never referenced
  static void date_of_threshold_assessment_write_handler(ble_uds_t *p_uds, uint32_t new_state){
..\Src\main.c(1457): warning:  #177-D: function "waist_circumference_write_handler"  was declared but never referenced
  static void waist_circumference_write_handler(ble_uds_t *p_uds, uint32_t new_state){
..\Src\main.c(1469): warning:  #177-D: function "fat_burn_heart_rate_lower_limit_write_handler"  was declared but never referenced
  static void fat_burn_heart_rate_lower_limit_write_handler(ble_uds_t *p_uds, uint32_t new_state){
..\Src\main.c(1485): warning:  #177-D: function "fat_burn_heart_rate_upper_limit_write_handler"  was declared but never referenced
  static void fat_burn_heart_rate_upper_limit_write_handler(ble_uds_t *p_uds, uint32_t new_state){
..\Src\main.c(1501): warning:  #177-D: function "aerobic_heart_rate_lower_limit_write_handler"  was declared but never referenced
  static void aerobic_heart_rate_lower_limit_write_handler(ble_uds_t *p_uds, uint32_t new_state){
..\Src\main.c(1517): warning:  #177-D: function "aerobic_heart_rate_upper_limit_write_handler"  was declared but never referenced
  static void aerobic_heart_rate_upper_limit_write_handler(ble_uds_t *p_uds, uint32_t new_state){
..\Src\main.c(1533): warning:  #177-D: function "anaerobic_heart_rate_lower_limit_write_handler"  was declared but never referenced
  static void anaerobic_heart_rate_lower_limit_write_handler(ble_uds_t *p_uds, uint32_t new_state){
..\Src\main.c(1549): warning:  #177-D: function "five_zone_heart_rate_limits_write_handler"  was declared but never referenced
  static void five_zone_heart_rate_limits_write_handler(ble_uds_t *p_uds, uint32_t new_state){
..\Src\main.c(1565): warning:  #177-D: function "three_zone_heart_rate_limits_write_handler"  was declared but never referenced
  static void three_zone_heart_rate_limits_write_handler(ble_uds_t *p_uds, uint32_t new_state){
..\Src\main.c(1581): warning:  #177-D: function "two_zone_heart_rate_limits_write_handler"  was declared but never referenced
  static void two_zone_heart_rate_limits_write_handler(ble_uds_t *p_uds, uint32_t new_state){
..\Src\main.c(1597): warning:  #177-D: function "language_write_handler"  was declared but never referenced
  static void language_write_handler(ble_uds_t *p_uds, uint32_t new_state){
..\Src\main.c(1613): warning:  #177-D: function "fitnes_index_write_handler"  was declared but never referenced
  static void  fitnes_index_write_handler(ble_uds_t *p_uds, uint32_t new_state){
..\Src\main.c(1634): warning:  #177-D: function "SPIVI_zone1_threshold_write_handler"  was declared but never referenced
  static void SPIVI_zone1_threshold_write_handler(ble_rtcs_t *p_rtcs, uint32_t new_state){
..\Src\main.c(1648): warning:  #177-D: function "SPIVI_zone2_threshold_write_handler"  was declared but never referenced
  static void SPIVI_zone2_threshold_write_handler(ble_rtcs_t *p_rtcs, uint32_t new_state){
..\Src\main.c(1662): warning:  #177-D: function "SPIVI_zone3_threshold_write_handler"  was declared but never referenced
  static void SPIVI_zone3_threshold_write_handler(ble_rtcs_t *p_rtcs, uint32_t new_state){
..\Src\main.c(1676): warning:  #177-D: function "SPIVI_zone4_threshold_write_handler"  was declared but never referenced
  static void SPIVI_zone4_threshold_write_handler(ble_rtcs_t *p_rtcs, uint32_t new_state){
..\Src\main.c(1692): warning:  #177-D: function "SPIVI_zone5_threshold_write_handler"  was declared but never referenced
  static void SPIVI_zone5_threshold_write_handler(ble_rtcs_t *p_rtcs, uint32_t new_state){
..\Src\main.c(1708): warning:  #177-D: function "rhr_zone1_threshold_write_handler"  was declared but never referenced
  static void rhr_zone1_threshold_write_handler(ble_rtcs_t *p_rtcs, uint32_t new_state){
..\Src\main.c(1724): warning:  #177-D: function "rhr_zone2_threshold_write_handler"  was declared but never referenced
  static void rhr_zone2_threshold_write_handler(ble_rtcs_t *p_rtcs, uint32_t new_state){
..\Src\main.c(1740): warning:  #177-D: function "rhr_zone3_threshold_write_handler"  was declared but never referenced
  static void rhr_zone3_threshold_write_handler(ble_rtcs_t *p_rtcs, uint32_t new_state){
..\Src\main.c(1754): warning:  #177-D: function "rhr_zone4_threshold_write_handler"  was declared but never referenced
  static void rhr_zone4_threshold_write_handler(ble_rtcs_t *p_rtcs, uint32_t new_state){
..\Src\main.c(1768): warning:  #177-D: function "rhr_zone5_threshold_write_handler"  was declared but never referenced
  static void rhr_zone5_threshold_write_handler(ble_rtcs_t *p_rtcs, uint32_t new_state){
..\Src\main.c(2240): warning:  #177-D: function "sleep_mybeat"  was declared but never referenced
  static void sleep_mybeat(void){
..\Src\main.c: 67 warnings, 8 errors
".\_build\nrf52832_xxaa.axf" - 9 Error(s), 68 Warning(s).

<h2>Software Packages used:</h2>

Package Vendor: ARM
                http://www.keil.com/pack/ARM.CMSIS.4.5.0.pack
                ARM.CMSIS.4.5.0
                CMSIS (Cortex Microcontroller Software Interface Standard)
   * Component: CORE Version: 4.3.0

Package Vendor: NordicSemiconductor
                http://developer.nordicsemi.com/nRF5_SDK/pieces/nRF_DeviceFamilyPack/NordicSemiconductor.nRF_DeviceFamilyPack.8.29.0.pack
                NordicSemiconductor.nRF_DeviceFamilyPack.8.29.0
                Nordic Semiconductor nRF ARM devices Device Family Pack with BSD license.
   * Component: Startup Version: 8.29.0
   * Component: StartupConfig Version: 8.29.0

<h2>Collection of Component include folders:</h2>
  .\RTE\Device\nRF52832_xxAA
  .\RTE\_nrf52832_xxaa
  C:\Keil_v5\ARM\PACK\ARM\CMSIS\4.5.0\CMSIS\Include
  C:\Keil_v5\ARM\PACK\NordicSemiconductor\nRF_DeviceFamilyPack\8.29.0\Device\Include

<h2>Collection of Component Files used:</h2>

   * Component: ARM::CMSIS:CORE:4.3.0

   * Component: NordicSemiconductor::Device:Startup:8.29.0
      Source file:   Device\Source\arm\arm_startup_nrf52.s
      Include file:  Device\Include\system_nrf.h
      Source file:   Device\Source\system_nrf52.c
      Include file:  Device\Include\system_nrf52.h

   * Component: NordicSemiconductor::Device:StartupConfig:8.29.0
      Include file:  Device\Source\startup_config.h
Target not created.
Build Time Elapsed:  00:00:05
</pre>
</body>
</html>
